<?xml version="1.0" encoding="UTF-8"?>
<testsuite xmlns:xsi="http://www.w3.org/2001/XMLSchema-instance" xsi:noNamespaceSchemaLocation="https://maven.apache.org/surefire/maven-surefire-plugin/xsd/surefire-test-report.xsd" name="TestRunner.TestRunner" time="65.358" tests="8" errors="0" skipped="0" failures="3">
  <properties>
[...]
</properties>
  <testcase name="Add two item to cart" classname="TestRunner.TestRunner" time="8.693"/>
  <testcase name="Add more than 2 item to cart" classname="TestRunner.TestRunner" time="5.48">
    <failure message="expected:&lt;[4]&gt; but was:&lt;[3]&gt;" type="org.junit.ComparisonFailure"><![CDATA[org.junit.ComparisonFailure: expected:<[4]> but was:<[3]>
]]></failure>
    <system-out><![CDATA[
Scenario: Add more than 2 item to cart                                &amp#27;[90m# src/test/resources/Features/AddItem.feature:13&amp#27;[0m
  &amp#27;[32mGiven &amp#27;[0m&amp#27;[32mI open browser for cart scenario&amp#27;[0m                              &amp#27;[90m# StepDef.AddItem.i_open_browser_for_cart_scenario()&amp#27;[0m
  &amp#27;[32mAnd &amp#27;[0m&amp#27;[32mOpen website saucedemo for cart scenario&amp#27;[0m                        &amp#27;[90m# StepDef.AddItem.open_website_saucedemo_for_cart_scenario()&amp#27;[0m
  &amp#27;[32mAnd &amp#27;[0m&amp#27;[32mLocated on saucedemo website for cart scenario&amp#27;[0m                  &amp#27;[90m# StepDef.AddItem.located_on_saucedemo_website_for_cart_scenario()&amp#27;[0m
  &amp#27;[32mAnd &amp#27;[0m&amp#27;[32mI input valid username for cart scenario&amp#27;[0m                        &amp#27;[90m# StepDef.AddItem.i_input_valid_username_for_cart_scenario()&amp#27;[0m
  &amp#27;[32mAnd &amp#27;[0m&amp#27;[32mAnd I input valid password for cart scenario&amp#27;[0m                    &amp#27;[90m# StepDef.AddItem.and_i_input_valid_password_for_cart_scenario()&amp#27;[0m
  &amp#27;[32mGiven &amp#27;[0m&amp#27;[32mI catalog product&amp#27;[0m                                             &amp#27;[90m# StepDef.AddItem.i_catalog_product()&amp#27;[0m
  &amp#27;[32mAnd &amp#27;[0m&amp#27;[32mI add first product again to cart&amp#27;[0m                               &amp#27;[90m# StepDef.AddItem.i_add_first_product_again_to_cart()&amp#27;[0m
  &amp#27;[32mAnd &amp#27;[0m&amp#27;[32mI add second product again to cart&amp#27;[0m                              &amp#27;[90m# StepDef.AddItem.i_add_second_product_again_to_cart()&amp#27;[0m
  &amp#27;[32mAnd &amp#27;[0m&amp#27;[32mI add third product to cart&amp#27;[0m                                     &amp#27;[90m# StepDef.AddItem.i_add_third_product_to_cart()&amp#27;[0m
  &amp#27;[32mAnd &amp#27;[0m&amp#27;[32mI add fourth product to cart&amp#27;[0m                                    &amp#27;[90m# StepDef.AddItem.i_add_fourth_product_to_cart()&amp#27;[0m
  &amp#27;[31mThen &amp#27;[0m&amp#27;[31mI should see amount items on cart icon after i add 2 items &amp#27;[0m&amp#27;[31m&amp#27;[1m"4"&amp#27;[0m &amp#27;[90m# StepDef.AddItem.i_should_see_amount_items_on_cart_icon_after_i_add_2_items(java.lang.String)&amp#27;[0m
      &amp#27;[31morg.junit.ComparisonFailure: expected:<[4]> but was:<[3]>
	at org.junit.Assert.assertEquals(Assert.java:117)
	at org.junit.Assert.assertEquals(Assert.java:146)
	at StepDef.AddItem.i_should_see_amount_items_on_cart_icon_after_i_add_2_items(AddItem.java:115)
	at âœ½.I should see amount items on cart icon after i add 2 items "4"(file:///C:/Users/Muharam/IdeaProjects/MuharamAutomationTsting/src/test/resources/Features/AddItem.feature:24)
&amp#27;[0m
]]></system-out>
  </testcase>
  <testcase name="Checkout with one selected items" classname="TestRunner.TestRunner" time="7.701"/>
  <testcase name="Checkout without selected items" classname="TestRunner.TestRunner" time="7.112">
    <failure type="java.lang.AssertionError">java.lang.AssertionError
</failure>
    <system-out><![CDATA[
Scenario Outline: Checkout without selected items        &amp#27;[90m# src/test/resources/Features/CheckOut.feature:14&amp#27;[0m
  &amp#27;[32mGiven &amp#27;[0m&amp#27;[32mI open browser for checkout scenario&amp#27;[0m             &amp#27;[90m# StepDef.CheckOut.i_open_browser_for_checkout_scenario()&amp#27;[0m
  &amp#27;[32mAnd &amp#27;[0m&amp#27;[32mOpen web saucedemo for checkout scenario&amp#27;[0m           &amp#27;[90m# StepDef.CheckOut.open_web_saucedemo_for_checkout_scenario()&amp#27;[0m
  &amp#27;[32mAnd &amp#27;[0m&amp#27;[32mLocated on saucedemo website for checkout scenario&amp#27;[0m &amp#27;[90m# StepDef.CheckOut.located_on_saucedemo_website_for_checkout_scenario()&amp#27;[0m
  &amp#27;[32mAnd &amp#27;[0m&amp#27;[32mI input valid username for checkout scenario&amp#27;[0m       &amp#27;[90m# StepDef.CheckOut.i_input_valid_username_for_checkout_scenario()&amp#27;[0m
  &amp#27;[32mAnd &amp#27;[0m&amp#27;[32mAnd I input valid password for checkout scenario&amp#27;[0m   &amp#27;[90m# StepDef.CheckOut.and_i_input_valid_password_for_checkout_scenario()&amp#27;[0m
  &amp#27;[32mGiven &amp#27;[0m&amp#27;[32mPage catalog product&amp#27;[0m                             &amp#27;[90m# StepDef.CheckOut.page_catalog_product()&amp#27;[0m
  &amp#27;[32mAnd &amp#27;[0m&amp#27;[32mAnd I click icon cart&amp#27;[0m                              &amp#27;[90m# StepDef.CheckOut.and_i_click_icon_cart()&amp#27;[0m
  &amp#27;[31mThen &amp#27;[0m&amp#27;[31mButton checkout must be cannot clicked&amp#27;[0m            &amp#27;[90m# StepDef.CheckOut.button_checkout_must_be_cannot_clicked()&amp#27;[0m
      &amp#27;[31mjava.lang.AssertionError
	at org.junit.Assert.fail(Assert.java:87)
	at org.junit.Assert.assertTrue(Assert.java:42)
	at org.junit.Assert.assertTrue(Assert.java:53)
	at StepDef.CheckOut.button_checkout_must_be_cannot_clicked(CheckOut.java:98)
	at âœ½.Button checkout must be cannot clicked(file:///C:/Users/Muharam/IdeaProjects/MuharamAutomationTsting/src/test/resources/Features/CheckOut.feature:22)
&amp#27;[0m
]]></system-out>
  </testcase>
  <testcase name="Fill form information data use valid data" classname="TestRunner.TestRunner" time="9.633"/>
  <testcase name="Fill form information data use invalid format data postal code" classname="TestRunner.TestRunner" time="8.775">
    <failure type="java.lang.AssertionError">java.lang.AssertionError
</failure>
    <system-out><![CDATA[
Scenario Outline: Fill form information data use invalid format data postal code &amp#27;[90m# src/test/resources/Features/CheckOutInformationData.feature:19&amp#27;[0m
  &amp#27;[32mGiven &amp#27;[0m&amp#27;[32mI open browser for information data scenario&amp#27;[0m                             &amp#27;[90m# StepDef.CheckOutInformationData.iOpenBrowserForInformationDataScenario()&amp#27;[0m
  &amp#27;[32mAnd &amp#27;[0m&amp#27;[32mOpen web saucedemo for information data scenario&amp#27;[0m                           &amp#27;[90m# StepDef.CheckOutInformationData.openWebSaucedemoForInformationDataScenario()&amp#27;[0m
  &amp#27;[32mAnd &amp#27;[0m&amp#27;[32mLocated on saucedemo website for information data scenario&amp#27;[0m                 &amp#27;[90m# StepDef.CheckOutInformationData.locatedOnSaucedemoWebsiteForInformationDataScenario()&amp#27;[0m
  &amp#27;[32mAnd &amp#27;[0m&amp#27;[32mI input valid username for information data scenario&amp#27;[0m                       &amp#27;[90m# StepDef.CheckOutInformationData.iInputValidUsernameForInformationDataScenario()&amp#27;[0m
  &amp#27;[32mAnd &amp#27;[0m&amp#27;[32mAnd I input valid password for information data scenario&amp#27;[0m                   &amp#27;[90m# StepDef.CheckOutInformationData.andIInputValidPasswordForInformationDataScenario()&amp#27;[0m
  &amp#27;[32mGiven &amp#27;[0m&amp#27;[32mI catalog product page&amp#27;[0m                                                   &amp#27;[90m# StepDef.CheckOutInformationData.iCatalogProductPage()&amp#27;[0m
  &amp#27;[32mAnd &amp#27;[0m&amp#27;[32mAnd I add one product to cart&amp#27;[0m                                              &amp#27;[90m# StepDef.CheckOutInformationData.andIAddOneProductToCart()&amp#27;[0m
  &amp#27;[32mAnd &amp#27;[0m&amp#27;[32mI click icon cart&amp#27;[0m                                                          &amp#27;[90m# StepDef.CheckOutInformationData.iClickIconCart()&amp#27;[0m
  &amp#27;[32mAnd &amp#27;[0m&amp#27;[32mI click checkout button&amp#27;[0m                                                    &amp#27;[90m# StepDef.CheckOutInformationData.iClickCheckoutButton()&amp#27;[0m
  &amp#27;[32mAnd &amp#27;[0m&amp#27;[32mI see form information data&amp#27;[0m                                                &amp#27;[90m# StepDef.CheckOutInformationData.iSeeFormInformationData()&amp#27;[0m
  &amp#27;[32mAnd &amp#27;[0m&amp#27;[32mI input valid first name again&amp#27;[0m                                             &amp#27;[90m# StepDef.CheckOutInformationData.iInputValidFirstNameAgain()&amp#27;[0m
  &amp#27;[32mAnd &amp#27;[0m&amp#27;[32mI input valid last name again&amp#27;[0m                                              &amp#27;[90m# StepDef.CheckOutInformationData.iInputValidLastNameAgain()&amp#27;[0m
  &amp#27;[32mAnd &amp#27;[0m&amp#27;[32mI input invalid format data postal code&amp#27;[0m                                    &amp#27;[90m# StepDef.CheckOutInformationData.iInputInvalidFormatDataPostalCode()&amp#27;[0m
  &amp#27;[31mThen &amp#27;[0m&amp#27;[31mButton must be cannot clicked&amp#27;[0m                                             &amp#27;[90m# StepDef.CheckOutInformationData.ButtonCannotClick()&amp#27;[0m
      &amp#27;[31mjava.lang.AssertionError
	at org.junit.Assert.fail(Assert.java:87)
	at org.junit.Assert.assertTrue(Assert.java:42)
	at org.junit.Assert.assertTrue(Assert.java:53)
	at StepDef.CheckOutInformationData.ButtonCannotClick(CheckOutInformationData.java:142)
	at âœ½.Button must be cannot clicked(file:///C:/Users/Muharam/IdeaProjects/MuharamAutomationTsting/src/test/resources/Features/CheckOutInformationData.feature:33)
&amp#27;[0m
]]></system-out>
  </testcase>
  <testcase name="Failed Login with empty username" classname="TestRunner.TestRunner" time="10.884"/>
  <testcase name="Success Login" classname="TestRunner.TestRunner" time="6.557"/>
</testsuite>